e:\notingham trent university\year 2\software design & implementation\coursework 1\log_class\log_class\debug\vc120.pdb
e:\notingham trent university\year 2\software design & implementation\coursework 1\log_class\log_class\debug\vc120.idb
e:\notingham trent university\year 2\software design & implementation\coursework 1\log_class\log_class\debug\_logger.obj
e:\notingham trent university\year 2\software design & implementation\coursework 1\log_class\log_class\debug\dynarraytest.obj
c:\users\toby joseph\desktop\notingham trent university\year 2\software design & implementation\coursework 1\log_class\log_class\debug\vc140.pdb
c:\users\toby joseph\desktop\notingham trent university\year 2\software design & implementation\coursework 1\log_class\log_class\debug\vc140.idb
c:\users\toby joseph\desktop\notingham trent university\year 2\software design & implementation\coursework 1\log_class\log_class\debug\dynarraytest.obj
c:\users\toby joseph\desktop\notingham trent university\year 2\software design & implementation\coursework 1\log_class\log_class\debug\_logger.obj
e:\notingham trent university\year 2\software design & implementation\coursework 1\log_class\debug\log_class.ilk
e:\notingham trent university\year 2\software design & implementation\coursework 1\log_class\debug\log_class.exe
e:\notingham trent university\year 2\software design & implementation\coursework 1\log_class\debug\log_class.pdb
c:\users\toby joseph\desktop\notingham trent university\year 2\software design & implementation\coursework 1\log_class\debug\log_class.ilk
c:\users\toby joseph\desktop\notingham trent university\year 2\software design & implementation\coursework 1\log_class\debug\log_class.exe
c:\users\toby joseph\desktop\notingham trent university\year 2\software design & implementation\coursework 1\log_class\debug\log_class.pdb
c:\users\toby joseph\desktop\notingham trent university\year 2\software design & implementation\coursework 1\log_class\log_class\debug\log.obj
c:\users\toby joseph\desktop\notingham trent university\year 2\software design & implementation\coursework 1\log_class\log_class\debug\seminara.obj
c:\users\toby joseph\desktop\notingham trent university\year 2\software design & implementation\coursework 1\log_class\log_class\debug\seminarb.obj
c:\users\toby joseph\desktop\notingham trent university\year 2\software design & implementation\coursework 1\log_class\log_class\debug\seminarc.obj
c:\users\toby joseph\desktop\notingham trent university\year 2\software design & implementation\coursework 1\log_class\log_class\debug\testpurposes.obj
c:\users\toby joseph\desktop\notingham trent university\year 2\software design & implementation\coursework 1\log_class\log_class\debug\_main.obj
c:\users\toby joseph\desktop\notingham trent university\year 2\software design & implementation\coursework 1\log_class\log_class\debug\_mainv1.obj
c:\users\toby joseph\desktop\notingham trent university\year 2\software design & implementation\coursework 1\log_class\log_class\debug\_testdynarray.obj
c:\users\toby joseph\desktop\notingham trent university\year 2\software design & implementation\coursework 1\log_class\log_class\debug\dynarraytest.obj.enc
c:\users\toby joseph\desktop\notingham trent university\year 2\software design & implementation\coursework 1\log_class\log_class\debug\vc120.idb
c:\users\toby joseph\desktop\notingham trent university\year 2\software design & implementation\coursework 1\log_class\log_class\debug\vc120.pdb
c:\users\toby joseph\desktop\notingham trent university\year 2\software design & implementation\coursework 1\log_class\log_class\debug\log_class.tlog\cl.command.1.tlog
c:\users\toby joseph\desktop\notingham trent university\year 2\software design & implementation\coursework 1\log_class\log_class\debug\log_class.tlog\cl.read.1.tlog
c:\users\toby joseph\desktop\notingham trent university\year 2\software design & implementation\coursework 1\log_class\log_class\debug\log_class.tlog\cl.write.1.tlog
c:\users\toby joseph\desktop\notingham trent university\year 2\software design & implementation\coursework 1\log_class\log_class\debug\log_class.tlog\link.command.1.tlog
c:\users\toby joseph\desktop\notingham trent university\year 2\software design & implementation\coursework 1\log_class\log_class\debug\log_class.tlog\link.read.1.tlog
c:\users\toby joseph\desktop\notingham trent university\year 2\software design & implementation\coursework 1\log_class\log_class\debug\log_class.tlog\link.write.1.tlog
